#
# There is insufficient memory for the Java Runtime Environment to continue.
# Native memory allocation (malloc) failed to allocate 1048576 bytes for AllocateHeap
# Possible reasons:
#   The system is out of physical RAM or swap space
#   The process is running with CompressedOops enabled, and the Java Heap may be blocking the growth of the native heap
# Possible solutions:
#   Reduce memory load on the system
#   Increase physical memory or swap space
#   Check if swap backing store is full
#   Decrease Java heap size (-Xmx/-Xms)
#   Decrease number of Java threads
#   Decrease Java thread stack sizes (-Xss)
#   Set larger code cache with -XX:ReservedCodeCacheSize=
#   JVM is running with Unscaled Compressed Oops mode in which the Java heap is
#     placed in the first 4GB address space. The Java Heap base address is the
#     maximum limit for the native heap growth. Please use -XX:HeapBaseMinAddress
#     to set the Java Heap base and to place the Java Heap above 4GB virtual address.
# This output file may be truncated or incomplete.
#
#  Out of Memory Error (memory/allocation.inline.hpp:61), pid=7540, tid=0x0000000000002074
#
# JRE version:  (8.0_241-b07) (build )
# Java VM: Java HotSpot(TM) 64-Bit Server VM (25.241-b07 mixed mode windows-amd64 compressed oops)
# Failed to write core dump. Minidumps are not enabled by default on client versions of Windows
#

---------------  T H R E A D  ---------------

Current thread (0x0000000003152800):  JavaThread "Unknown thread" [_thread_in_vm, id=8308, stack(0x0000000003050000,0x0000000003150000)]

Stack: [0x0000000003050000,0x0000000003150000]
[error occurred during error reporting (printing stack bounds), id 0xc0000005]

Native frames: (J=compiled Java code, j=interpreted, Vv=VM code, C=native code)


---------------  P R O C E S S  ---------------

Java Threads: ( => current thread )

Other Threads:

=>0x0000000003152800 (exited) JavaThread "Unknown thread" [_thread_in_vm, id=8308, stack(0x0000000003050000,0x0000000003150000)]

VM state:not at safepoint (normal execution)

VM Mutex/Monitor currently owned by a thread: None

heap address: 0x00000000c1000000, size: 1008 MB, Compressed Oops mode: 32-bit
Narrow klass base: 0x0000000000000000, Narrow klass shift: 3
Compressed class space size: 1073741824 Address: 0x0000000100000000

Heap:
 PSYoungGen      total 18944K, used 327K [0x00000000eb000000, 0x00000000ec500000, 0x0000000100000000)
  eden space 16384K, 2% used [0x00000000eb000000,0x00000000eb051ec8,0x00000000ec000000)
  from space 2560K, 0% used [0x00000000ec280000,0x00000000ec280000,0x00000000ec500000)
  to   space 2560K, 0% used [0x00000000ec000000,0x00000000ec000000,0x00000000ec280000)
 ParOldGen       total 44032K, used 0K [0x00000000c1000000, 0x00000000c3b00000, 0x00000000eb000000)
  object space 44032K, 0% used [0x00000000c1000000,0x00000000c1000000,0x00000000c3b00000)
 Metaspace       used 752K, capacity 4480K, committed 4480K, reserved 1056768K
  class space    used 76K, capacity 384K, committed 384K, reserved 1048576K

Card table byte_map: [0x0000000012610000,0x0000000012810000] byte_map_base: 0x0000000012008000

Marking Bits: (ParMarkBitMap*) 0x000000006ec9be30
 Begin Bits: [0x0000000012d60000, 0x0000000013d20000)
 End Bits:   [0x0000000013d20000, 0x0000000014ce0000)

Polling page: 0x0000000001640000

CodeCache: size=245760Kb used=328Kb max_used=328Kb free=245431Kb
 bounds [0x0000000003250000, 0x00000000034c0000, 0x0000000012250000]
 total_blobs=58 nmethods=0 adapters=38
 compilation: enabled

Compilation events (0 events):
No events

GC Heap History (0 events):
No events

Deoptimization events (0 events):
No events

Classes redefined (0 events):
No events

Internal exceptions (0 events):
No events

Events (10 events):
Event: 0.071 loading class java/lang/Short
Event: 0.071 loading class java/lang/Short done
Event: 0.071 loading class java/lang/Integer
Event: 0.071 loading class java/lang/Integer done
Event: 0.071 loading class java/lang/Long
Event: 0.071 loading class java/lang/Long done
Event: 0.072 loading class java/lang/NullPointerException
Event: 0.072 loading class java/lang/NullPointerException done
Event: 0.072 loading class java/lang/ArithmeticException
Event: 0.072 loading class java/lang/ArithmeticException done


Dynamic libraries:
0x00007ff7183a0000 - 0x00007ff7183d7000 	C:\Program Files\Java\jre1.8.0_241\bin\javaw.exe
0x00007ff876970000 - 0x00007ff876b51000 	C:\WINDOWS\SYSTEM32\ntdll.dll
0x00007ff874660000 - 0x00007ff874711000 	C:\WINDOWS\System32\KERNEL32.DLL
0x00007ff872f70000 - 0x00007ff8731e3000 	C:\WINDOWS\System32\KERNELBASE.dll
0x00007ff876790000 - 0x00007ff876831000 	C:\WINDOWS\System32\ADVAPI32.dll
0x00007ff876840000 - 0x00007ff8768de000 	C:\WINDOWS\System32\msvcrt.dll
0x00007ff874000000 - 0x00007ff87405b000 	C:\WINDOWS\System32\sechost.dll
0x00007ff873df0000 - 0x00007ff873f14000 	C:\WINDOWS\System32\RPCRT4.dll
0x00007ff8744c0000 - 0x00007ff874650000 	C:\WINDOWS\System32\USER32.dll
0x00007ff8732d0000 - 0x00007ff8732f0000 	C:\WINDOWS\System32\win32u.dll
0x00007ff8768e0000 - 0x00007ff876908000 	C:\WINDOWS\System32\GDI32.dll
0x00007ff8732f0000 - 0x00007ff873481000 	C:\WINDOWS\System32\gdi32full.dll
0x00007ff873590000 - 0x00007ff87362f000 	C:\WINDOWS\System32\msvcp_win.dll
0x00007ff873490000 - 0x00007ff873588000 	C:\WINDOWS\System32\ucrtbase.dll
0x00007ff869de0000 - 0x00007ff86a049000 	C:\WINDOWS\WinSxS\amd64_microsoft.windows.common-controls_6595b64144ccf1df_6.0.17134.1067_none_d401a3eb7c8ebdea\COMCTL32.dll
0x00007ff8762e0000 - 0x00007ff876601000 	C:\WINDOWS\System32\combase.dll
0x00007ff8731f0000 - 0x00007ff873269000 	C:\WINDOWS\System32\bcryptPrimitives.dll
0x00007ff876910000 - 0x00007ff87693d000 	C:\WINDOWS\System32\IMM32.DLL
0x000000006e390000 - 0x000000006e462000 	C:\Program Files\Java\jre1.8.0_241\bin\msvcr100.dll
0x000000006e470000 - 0x000000006ed1c000 	C:\Program Files\Java\jre1.8.0_241\bin\server\jvm.dll
0x00007ff8744b0000 - 0x00007ff8744b8000 	C:\WINDOWS\System32\PSAPI.DLL
0x00007ff86a5f0000 - 0x00007ff86a613000 	C:\WINDOWS\SYSTEM32\WINMM.dll
0x00007ff8670a0000 - 0x00007ff8670aa000 	C:\WINDOWS\SYSTEM32\VERSION.dll
0x00007ff86a5c0000 - 0x00007ff86a5ea000 	C:\WINDOWS\SYSTEM32\WINMMBASE.dll
0x00007ff872d30000 - 0x00007ff872d79000 	C:\WINDOWS\System32\cfgmgr32.dll
0x00007ff86f3d0000 - 0x00007ff86f3d9000 	C:\WINDOWS\SYSTEM32\WSOCK32.dll
0x00007ff876720000 - 0x00007ff87678c000 	C:\WINDOWS\System32\WS2_32.dll
0x00007ff84a2c0000 - 0x00007ff84a2cf000 	C:\Program Files\Java\jre1.8.0_241\bin\verify.dll
0x00007ff84a290000 - 0x00007ff84a2b9000 	C:\Program Files\Java\jre1.8.0_241\bin\java.dll
0x00007ff84a270000 - 0x00007ff84a286000 	C:\Program Files\Java\jre1.8.0_241\bin\zip.dll

VM Arguments:
jvm_args: -Dfile.encoding=Cp1252 
java_command: application.Main
java_class_path (initial): C:\Users\ibrahima\eclipse-workspacex\Geschool\bin;C:\Users\ibrahima\Documents\FILES\java\jre1.8.0_162\lib\charsets - Copie.jar;C:\Users\ibrahima\Documents\FILES\java\jre1.8.0_162\lib\charsets.jar;C:\Users\ibrahima\Documents\FILES\java\jre1.8.0_162\lib\deploy - Copie.jar;C:\Users\ibrahima\Documents\FILES\java\jre1.8.0_162\lib\deploy.jar;C:\Users\ibrahima\Documents\FILES\java\jre1.8.0_162\lib\javaws.jar;C:\Users\ibrahima\Documents\FILES\java\jre1.8.0_162\lib\jce.jar;C:\Users\ibrahima\Documents\FILES\java\jre1.8.0_162\lib\jfr.jar;C:\Users\ibrahima\Documents\FILES\java\jre1.8.0_162\lib\jfxswt.jar;C:\Users\ibrahima\Documents\FILES\java\jre1.8.0_162\lib\jsse.jar;C:\Users\ibrahima\Documents\FILES\java\jre1.8.0_162\lib\management-agent.jar;C:\Users\ibrahima\Documents\FILES\java\jre1.8.0_162\lib\plugin.jar;C:\Users\ibrahima\Documents\FILES\java\jre1.8.0_162\lib\resources.jar;C:\Users\ibrahima\Documents\FILES\java\jre1.8.0_162\lib\rt.jar;C:\Users\ibrahima\Documents\FILES\java\mysql-connector-java-5.1.46.jar
Launcher Type: SUN_STANDARD

Environment Variables:
PATH=C:/Program Files/Java/jre1.8.0_241/bin/server;C:/Program Files/Java/jre1.8.0_241/bin;C:/Program Files/Java/jre1.8.0_241/lib/amd64;C:\Program Files (x86)\Common Files\Oracle\Java\javapath;C:\ProgramData\Oracle\Java\javapath;C:\WINDOWS\system32;C:\WINDOWS;C:\WINDOWS\System32\Wbem;C:\WINDOWS\System32\WindowsPowerShell\v1.0\;C:\Program Files\dotnet\;c:\Program Files (x86)\Microsoft SQL Server\100\Tools\Binn\VSShell\Common7\IDE\;c:\Program Files (x86)\Microsoft SQL Server\100\Tools\Binn\;c:\Program Files\Microsoft SQL Server\100\Tools\Binn\;c:\Program Files (x86)\Microsoft SQL Server\100\DTS\Binn\;c:\Program Files\Microsoft SQL Server\100\DTS\Binn\;C:\Program Files\Microsoft SQL Server\130\Tools\Binn\;C:\WINDOWS\system32\config\systemprofile\.dnx\bin;C:\Program Files\Microsoft DNX\Dnvm\;C:\Program Files\Git\cmd;C:\Program Files\Git\mingw64\bin;C:\Program Files\Git\usr\bin;C:\Program Files\nodejs\;C:\xampp\php;C:\ProgramData\ComposerSetup\bin;C:\Program Files\Symfony;C:\WINDOWS\System32\OpenSSH\;C:\Users\ibrahima\AppData\Local\Microsoft\WindowsApps;;C:\Users\ibrahima\AppData\Local\Programs\Microsoft VS Code\bin;C:\Users\ibrahima\AppData\Roaming\npm;C:\Users\ibrahima\AppData\Roaming\Composer\vendor\bin;C:\WINDOWS\system32;
USERNAME=ibrahima
OS=Windows_NT
PROCESSOR_IDENTIFIER=Intel64 Family 6 Model 69 Stepping 1, GenuineIntel



---------------  S Y S T E M  ---------------

OS: Windows 10.0 , 64 bit Build 17134 (10.0.17134.753)

CPU:total 4 (initial active 4) (2 cores per cpu, 2 threads per core) family 6 model 69 stepping 1, cmov, cx8, fxsr, mmx, sse, sse2, sse3, ssse3, sse4.1, sse4.2, popcnt, avx, avx2, aes, clmul, erms, lzcnt, ht, tsc, tscinvbit, bmi1, bmi2

Memory: 4k page, physical 4124504k(835864k free), swap 4649472k(6956k free)

vm_info: Java HotSpot(TM) 64-Bit Server VM (25.241-b07) for windows-amd64 JRE (1.8.0_241-b07), built on Dec 11 2019 10:21:40 by "rejava" with MS VC++ 10.0 (VS2010)

time: Thu Mar 19 03:10:53 2020
timezone: Greenwich
elapsed time: 0 seconds (0d 0h 0m 0s)

